{"level":"info","message":"Server running on http://localhost:3000 in development mode","service":"secure-blog-api","timestamp":"2025-11-15T16:54:11.134Z"}
{"level":"info","message":"MongoDB connected successfully","service":"secure-blog-api","timestamp":"2025-11-15T16:54:11.162Z"}
{"level":"info","message":"Server running on http://localhost:3000 in development mode","service":"secure-blog-api","timestamp":"2025-11-15T16:56:14.472Z"}
{"level":"info","message":"MongoDB connected successfully","service":"secure-blog-api","timestamp":"2025-11-15T16:56:14.498Z"}
{"level":"info","message":"Server running on http://localhost:3000 in development mode","service":"secure-blog-api","timestamp":"2025-11-15T17:01:48.788Z"}
{"level":"info","message":"MongoDB connected successfully","service":"secure-blog-api","timestamp":"2025-11-15T17:01:48.808Z"}
{"level":"info","message":"Server running on http://localhost:3000 in development mode","service":"secure-blog-api","timestamp":"2025-11-15T17:12:17.640Z"}
{"level":"info","message":"MongoDB connected successfully","service":"secure-blog-api","timestamp":"2025-11-15T17:12:17.662Z"}
{"level":"info","message":"Server running on http://localhost:3000 in development mode","service":"secure-blog-api","timestamp":"2025-11-15T17:16:35.209Z"}
{"level":"info","message":"MongoDB connected successfully","service":"secure-blog-api","timestamp":"2025-11-15T17:16:35.245Z"}
{"level":"info","message":"Server running on http://localhost:3000 in development mode","service":"secure-blog-api","timestamp":"2025-11-15T17:19:50.299Z"}
{"level":"info","message":"MongoDB connected successfully","service":"secure-blog-api","timestamp":"2025-11-15T17:19:50.325Z"}
{"level":"info","message":"Server running on http://localhost:3000 in development mode","service":"secure-blog-api","timestamp":"2025-11-15T17:26:26.999Z"}
{"level":"info","message":"MongoDB connected successfully","service":"secure-blog-api","timestamp":"2025-11-15T17:26:27.041Z"}
{"level":"info","message":"Server running on http://localhost:3000 in development mode","service":"secure-blog-api","timestamp":"2025-11-16T04:36:08.050Z"}
{"level":"info","message":"MongoDB connected successfully","service":"secure-blog-api","timestamp":"2025-11-16T04:36:08.067Z"}
{"level":"info","message":"Server running on http://localhost:3000 in development mode","service":"secure-blog-api","timestamp":"2025-11-16T04:39:11.219Z"}
{"level":"info","message":"MongoDB connected successfully","service":"secure-blog-api","timestamp":"2025-11-16T04:39:11.244Z"}
{"level":"info","message":"Server running on http://localhost:3000 in development mode","service":"secure-blog-api","timestamp":"2025-11-16T04:42:05.805Z"}
{"level":"info","message":"MongoDB connected successfully","service":"secure-blog-api","timestamp":"2025-11-16T04:42:05.823Z"}
{"level":"info","message":"Server running on http://localhost:3000 in development mode","service":"secure-blog-api","timestamp":"2025-11-16T04:59:59.702Z"}
{"level":"info","message":"MongoDB connected successfully","service":"secure-blog-api","timestamp":"2025-11-16T04:59:59.719Z"}
[2025-11-16 11:12:30] [32minfo[39m: [32mServer running on http://localhost:3000 in development mode[39m
[2025-11-16 11:12:30] [32minfo[39m: [32mMongoDB connected successfully[39m
[2025-11-16 11:21:35] [32minfo[39m: [32mServer running on http://localhost:3000 in development mode[39m
[2025-11-16 11:21:35] [32minfo[39m: [32mMongoDB connected successfully[39m
[2025-11-16 11:21:42] [33mwarn[39m: [33mLogin failed: incorrect credentials[39m
[2025-11-16 11:24:06] [32minfo[39m: [32mServer running on http://localhost:3000 in development mode[39m
[2025-11-16 11:24:06] [32minfo[39m: [32mMongoDB connected successfully[39m
[2025-11-16 11:24:10] [33mwarn[39m: [33mLogin failed: incorrect credentials[39m
[2025-11-16 11:29:14] [32minfo[39m: [32mServer running on http://localhost:3000 in development mode[39m
[2025-11-16 11:29:14] [32minfo[39m: [32mMongoDB connected successfully[39m
[2025-11-16 11:29:32] [33mwarn[39m: [33mLogin failed: incorrect credentials[39m
[2025-11-16 11:29:54] [33mwarn[39m: [33mLogin failed: incorrect credentials[39m
[2025-11-16 11:31:08] [33mwarn[39m: [33mLogin failed: incorrect credentials[39m
[2025-11-16 11:33:58] [33mwarn[39m: [33mLogin failed: incorrect credentials[39m
[2025-11-16 11:34:26] [33mwarn[39m: [33mLogin failed: incorrect credentials[39m
[2025-11-16 11:34:35] [32minfo[39m: [32mUser logged in successfully[39m
[2025-11-16 11:36:14] [33mwarn[39m: [33mLogin failed: incorrect credentials[39m
[2025-11-16 11:36:46] [33mwarn[39m: [33mLogin failed: incorrect credentials[39m
[2025-11-16 11:41:56] [33mwarn[39m: [33mLogin validation failed[39m
[2025-11-16 11:43:29] [33mwarn[39m: [33mLogin validation failed[39m
[2025-11-16 11:45:26] [32minfo[39m: [32mUser logged in successfully[39m
[2025-11-16 11:45:51] [33mwarn[39m: [33mLogin failed: incorrect credentials[39m
[2025-11-16 11:50:02] [32minfo[39m: [32mServer running on http://localhost:3000 in development mode[39m
[2025-11-16 11:50:02] [32minfo[39m: [32mMongoDB connected successfully[39m
[2025-11-16 11:50:20] [32minfo[39m: [32mUser logged in successfully[39m
[2025-11-16 12:03:10] [32minfo[39m: [32mServer running on http://localhost:3000 in development mode[39m
[2025-11-16 12:03:10] [32minfo[39m: [32mMongoDB connected successfully[39m
[2025-11-16 13:23:12] [32minfo[39m: [32mServer running on http://localhost:3000 in development mode[39m
[2025-11-16 13:23:12] [32minfo[39m: [32mMongoDB connected successfully[39m
[2025-11-16 13:23:57] [32minfo[39m: [32mUser registered successfully[39m
[2025-11-16 13:24:51] [32minfo[39m: [32mUser verified successfully[39m
[2025-11-16 13:25:35] [33mwarn[39m: [33mLogin failed: incorrect credentials[39m
[2025-11-16 13:25:45] [32minfo[39m: [32mUser logged in successfully[39m
[2025-11-16 13:26:11] [32minfo[39m: [32mUser logged in successfully[39m
[2025-11-16 13:28:06] [32minfo[39m: [32mUser registered successfully[39m
[2025-11-16 13:28:36] [32minfo[39m: [32mUser verified successfully[39m
[2025-11-16 13:33:39] [32minfo[39m: [32mUser logged in successfully[39m
[2025-11-16 13:42:59] [32minfo[39m: [32mUser registered successfully[39m
[2025-11-16 13:44:17] [33mwarn[39m: [33mRegistration failed: user exists[39m
[2025-11-16 13:44:29] [32minfo[39m: [32mUser registered successfully[39m
[2025-11-16 13:44:49] [33mwarn[39m: [33mOTP verification failed: invalid OTP[39m
[2025-11-16 13:45:16] [32minfo[39m: [32mUser verified successfully[39m
[2025-11-16 13:47:29] [32minfo[39m: [32mUser logged in successfully[39m
[2025-11-16 13:48:05] [32minfo[39m: [32mUser logged in successfully[39m
[2025-11-16 16:04:35] [32minfo[39m: [32m🔐 HTTPS server running at https://localhost:3443 (development mode)[39m
[2025-11-16 16:04:35] [32minfo[39m: [32m➡️ HTTP redirect server running at http://localhost:3000[39m
[2025-11-16 16:04:35] [32minfo[39m: [32mMongoDB connected successfully[39m
[2025-11-16 16:14:46] [32minfo[39m: [32m🔐 HTTPS server running at https://localhost:3443 (development mode)[39m
[2025-11-16 16:14:46] [32minfo[39m: [32m➡️ HTTP redirect server running at http://localhost:3000[39m
[2025-11-16 16:14:46] [32minfo[39m: [32mMongoDB connected successfully[39m
[2025-11-16 16:25:43] [31merror[39m: [31mUnhandled error: CORS policy: origin https://localhost:3443/ not allowed[39m
Error: CORS policy: origin https://localhost:3443/ not allowed
    at origin (file:///C:/Users/itsts/OneDrive/Desktop/SecureBlogLite/server/config/security.js:44:20)
    at C:\Users\itsts\OneDrive\Desktop\SecureBlogLite\server\node_modules\cors\lib\index.js:219:13
    at optionsCallback (C:\Users\itsts\OneDrive\Desktop\SecureBlogLite\server\node_modules\cors\lib\index.js:199:9)
    at corsMiddleware (C:\Users\itsts\OneDrive\Desktop\SecureBlogLite\server\node_modules\cors\lib\index.js:204:7)
    at Layer.handle [as handle_request] (C:\Users\itsts\OneDrive\Desktop\SecureBlogLite\server\node_modules\express\lib\router\layer.js:95:5)
    at trim_prefix (C:\Users\itsts\OneDrive\Desktop\SecureBlogLite\server\node_modules\express\lib\router\index.js:328:13)
    at C:\Users\itsts\OneDrive\Desktop\SecureBlogLite\server\node_modules\express\lib\router\index.js:286:9
    at Function.process_params (C:\Users\itsts\OneDrive\Desktop\SecureBlogLite\server\node_modules\express\lib\router\index.js:346:12)
    at next (C:\Users\itsts\OneDrive\Desktop\SecureBlogLite\server\node_modules\express\lib\router\index.js:280:10)
    at internalNext (file:///C:/Users/itsts/OneDrive/Desktop/SecureBlogLite/server/node_modules/helmet/index.mjs:533:6)
[2025-11-16 16:27:54] [32minfo[39m: [32m🔐 HTTPS server running at https://localhost:3443 (development mode)[39m
[2025-11-16 16:27:54] [32minfo[39m: [32m➡️ HTTP redirect server running at http://localhost:3000[39m
[2025-11-16 16:27:54] [32minfo[39m: [32mMongoDB connected successfully[39m
[2025-11-16 16:31:18] [31merror[39m: [31mUnhandled error: CORS policy: origin https://localhost:3443/ not allowed[39m
Error: CORS policy: origin https://localhost:3443/ not allowed
    at origin (file:///C:/Users/itsts/OneDrive/Desktop/SecureBlogLite/server/config/security.js:45:20)
    at C:\Users\itsts\OneDrive\Desktop\SecureBlogLite\server\node_modules\cors\lib\index.js:219:13
    at optionsCallback (C:\Users\itsts\OneDrive\Desktop\SecureBlogLite\server\node_modules\cors\lib\index.js:199:9)
    at corsMiddleware (C:\Users\itsts\OneDrive\Desktop\SecureBlogLite\server\node_modules\cors\lib\index.js:204:7)
    at Layer.handle [as handle_request] (C:\Users\itsts\OneDrive\Desktop\SecureBlogLite\server\node_modules\express\lib\router\layer.js:95:5)
    at trim_prefix (C:\Users\itsts\OneDrive\Desktop\SecureBlogLite\server\node_modules\express\lib\router\index.js:328:13)
    at C:\Users\itsts\OneDrive\Desktop\SecureBlogLite\server\node_modules\express\lib\router\index.js:286:9
    at Function.process_params (C:\Users\itsts\OneDrive\Desktop\SecureBlogLite\server\node_modules\express\lib\router\index.js:346:12)
    at next (C:\Users\itsts\OneDrive\Desktop\SecureBlogLite\server\node_modules\express\lib\router\index.js:280:10)
    at internalNext (file:///C:/Users/itsts/OneDrive/Desktop/SecureBlogLite/server/node_modules/helmet/index.mjs:533:6)
[2025-11-16 16:32:35] [32minfo[39m: [32m🔐 HTTPS server running at https://localhost:3443 (development mode)[39m
[2025-11-16 16:32:35] [32minfo[39m: [32m➡️ HTTP redirect server running at http://localhost:3000[39m
[2025-11-16 16:32:35] [32minfo[39m: [32mMongoDB connected successfully[39m
[2025-11-16 16:32:56] [32minfo[39m: [32mUser registered successfully[39m
[2025-11-16 19:40:23] [32minfo[39m: [32m🔐 HTTPS server running at https://localhost:3443 (development mode)[39m
[2025-11-16 19:40:23] [32minfo[39m: [32m➡️ HTTP redirect server running at http://localhost:3000[39m
[2025-11-16 19:40:23] [32minfo[39m: [32mMongoDB connected successfully[39m
[2025-11-16 19:50:13] [33mwarn[39m: [33mLogin failed: incorrect credentials[39m
[2025-11-16 19:50:20] [33mwarn[39m: [33mLogin failed: incorrect credentials[39m
[2025-11-16 19:50:29] [33mwarn[39m: [33mLogin failed: unverified account[39m
[2025-11-16 19:54:02] [32minfo[39m: [32mUser registered successfully[39m
[2025-11-16 19:54:23] [32minfo[39m: [32mUser verified successfully[39m
[2025-11-16 20:02:00] [32minfo[39m: [32mUser logged in successfully[39m
[2025-11-16 20:25:50] [32minfo[39m: [32mUser logged in successfully[39m
[2025-11-16 20:47:46] [32minfo[39m: [32m🔐 HTTPS server running at https://localhost:3443 (development mode)[39m
[2025-11-16 20:47:46] [32minfo[39m: [32m➡️ HTTP redirect server running at http://localhost:3001[39m
[2025-11-16 20:47:46] [32minfo[39m: [32mMongoDB connected successfully[39m
[2025-11-16 20:48:13] [32minfo[39m: [32mUser logged in successfully[39m
[2025-11-18 22:18:46] [32minfo[39m: [32m🔐 HTTPS server running at https://localhost:3443 (development mode)[39m
[2025-11-18 22:18:46] [32minfo[39m: [32m➡️ HTTP redirect server running at http://localhost:3001[39m
[2025-11-18 22:18:46] [32minfo[39m: [32mMongoDB connected successfully[39m
[2025-11-18 22:19:52] [33mwarn[39m: [33mRegistration failed: user exists[39m
[2025-11-18 22:20:28] [32minfo[39m: [32mUser registered successfully[39m
[2025-11-18 22:21:13] [32minfo[39m: [32mUser verified successfully[39m
[2025-11-18 22:23:15] [32minfo[39m: [32mUser logged in successfully[39m
[2025-11-18 22:57:57] [32minfo[39m: [32mUser logged in successfully[39m
[2025-11-18 23:11:01] [32minfo[39m: [32m🔐 HTTPS server running at https://localhost:3443 (development mode)[39m
[2025-11-18 23:11:01] [32minfo[39m: [32m➡️ HTTP redirect server running at http://localhost:3001[39m
[2025-11-18 23:11:01] [32minfo[39m: [32mMongoDB connected successfully[39m
[2025-11-19 00:07:56] [32minfo[39m: [32m🔐 HTTPS server running at https://localhost:3443 (development mode)[39m
[2025-11-19 00:07:56] [32minfo[39m: [32m➡️ HTTP redirect server running at http://localhost:3001[39m
[2025-11-19 00:07:56] [32minfo[39m: [32mMongoDB connected successfully[39m
[2025-11-19 00:43:16] [32minfo[39m: [32mServer running on port 3000 (production mode)[39m
[2025-11-19 00:43:20] [32minfo[39m: [32mMongoDB connected successfully[39m
[2025-11-19 00:47:02] [32minfo[39m: [32mServer running on port 3000 (production mode)[39m
[2025-11-19 00:47:02] [32minfo[39m: [32mMongoDB connected successfully[39m
[2025-11-19 00:47:19] [33mwarn[39m: [33mLogin failed: incorrect credentials[39m
[2025-11-19 00:47:31] [32minfo[39m: [32mUser logged in successfully[39m
[2025-11-19 00:48:59] [32minfo[39m: [32mOTP sent successfully[39m
[2025-11-19 00:48:59] [32minfo[39m: [32mUser registered successfully[39m
[2025-11-19 00:49:27] [32minfo[39m: [32mUser verified successfully[39m
[2025-11-19 00:49:42] [32minfo[39m: [32mPost created successfully[39m
[2025-11-19 00:50:20] [32minfo[39m: [32mOTP sent successfully[39m
[2025-11-19 00:50:20] [32minfo[39m: [32mUser registered successfully[39m
[2025-11-19 00:50:35] [32minfo[39m: [32mUser verified successfully[39m
[2025-11-19 00:51:03] [32minfo[39m: [32mUser logged in successfully[39m
